"Severity","ThreadID","Date","Time","Application","Message"
"ERROR","Thread-76385","01/05/2023","18:53:55","mail","534-5.7.9 Application-specific password required. Learn more at
534 5.7.9  https://support.google.com/mail/?p=InvalidSecondFactor s21-20020a05620a0bd500b006fa4ac86bfbsm26361843qki.55 - gsmtp
;lucee.runtime.exp.NativeException: 534-5.7.9 Application-specific password required. Learn more at
534 5.7.9  https://support.google.com/mail/?p=InvalidSecondFactor s21-20020a05620a0bd500b006fa4ac86bfbsm26361843qki.55 - gsmtp

	at com.sun.mail.smtp.SMTPTransport$Authenticator.authenticate(SMTPTransport.java:965)
	at com.sun.mail.smtp.SMTPTransport.authenticate(SMTPTransport.java:876)
	at com.sun.mail.smtp.SMTPTransport.protocolConnect(SMTPTransport.java:780)
	at javax.mail.Service.connect(Service.java:388)
	at lucee.runtime.net.smtp.SMTPSender.run(SMTPSender.java:60)
Caused by: javax.mail.AuthenticationFailedException: 534-5.7.9 Application-specific password required. Learn more at
534 5.7.9  https://support.google.com/mail/?p=InvalidSecondFactor s21-20020a05620a0bd500b006fa4ac86bfbsm26361843qki.55 - gsmtp

	... 5 more
"
"ERROR","Thread-76402","01/05/2023","18:55:05","mail","534-5.7.9 Application-specific password required. Learn more at
534 5.7.9  https://support.google.com/mail/?p=InvalidSecondFactor k20-20020ac84754000000b003a527d29a41sm22265642qtp.75 - gsmtp
;lucee.runtime.exp.NativeException: 534-5.7.9 Application-specific password required. Learn more at
534 5.7.9  https://support.google.com/mail/?p=InvalidSecondFactor k20-20020ac84754000000b003a527d29a41sm22265642qtp.75 - gsmtp

	at com.sun.mail.smtp.SMTPTransport$Authenticator.authenticate(SMTPTransport.java:965)
	at com.sun.mail.smtp.SMTPTransport.authenticate(SMTPTransport.java:876)
	at com.sun.mail.smtp.SMTPTransport.protocolConnect(SMTPTransport.java:780)
	at javax.mail.Service.connect(Service.java:388)
	at lucee.runtime.net.smtp.SMTPSender.run(SMTPSender.java:60)
Caused by: javax.mail.AuthenticationFailedException: 534-5.7.9 Application-specific password required. Learn more at
534 5.7.9  https://support.google.com/mail/?p=InvalidSecondFactor k20-20020ac84754000000b003a527d29a41sm22265642qtp.75 - gsmtp

	... 5 more
"
"ERROR","Thread-76451","01/05/2023","18:58:56","mail","534-5.7.9 Application-specific password required. Learn more at
534 5.7.9  https://support.google.com/mail/?p=InvalidSecondFactor y1-20020a37f601000000b006fa2b1c3c1esm26028252qkj.58 - gsmtp
;lucee.runtime.exp.NativeException: 534-5.7.9 Application-specific password required. Learn more at
534 5.7.9  https://support.google.com/mail/?p=InvalidSecondFactor y1-20020a37f601000000b006fa2b1c3c1esm26028252qkj.58 - gsmtp

	at com.sun.mail.smtp.SMTPTransport$Authenticator.authenticate(SMTPTransport.java:965)
	at com.sun.mail.smtp.SMTPTransport.authenticate(SMTPTransport.java:876)
	at com.sun.mail.smtp.SMTPTransport.protocolConnect(SMTPTransport.java:780)
	at javax.mail.Service.connect(Service.java:388)
	at lucee.runtime.net.smtp.SMTPSender.run(SMTPSender.java:60)
Caused by: javax.mail.AuthenticationFailedException: 534-5.7.9 Application-specific password required. Learn more at
534 5.7.9  https://support.google.com/mail/?p=InvalidSecondFactor y1-20020a37f601000000b006fa2b1c3c1esm26028252qkj.58 - gsmtp

	... 5 more
"
"ERROR","Thread-76468","01/05/2023","19:00:07","mail","534-5.7.9 Application-specific password required. Learn more at
534 5.7.9  https://support.google.com/mail/?p=InvalidSecondFactor i3-20020ac87643000000b003a68f5d98c1sm22501552qtr.93 - gsmtp
;lucee.runtime.exp.NativeException: 534-5.7.9 Application-specific password required. Learn more at
534 5.7.9  https://support.google.com/mail/?p=InvalidSecondFactor i3-20020ac87643000000b003a68f5d98c1sm22501552qtr.93 - gsmtp

	at com.sun.mail.smtp.SMTPTransport$Authenticator.authenticate(SMTPTransport.java:965)
	at com.sun.mail.smtp.SMTPTransport.authenticate(SMTPTransport.java:876)
	at com.sun.mail.smtp.SMTPTransport.protocolConnect(SMTPTransport.java:780)
	at javax.mail.Service.connect(Service.java:388)
	at lucee.runtime.net.smtp.SMTPSender.run(SMTPSender.java:60)
Caused by: javax.mail.AuthenticationFailedException: 534-5.7.9 Application-specific password required. Learn more at
534 5.7.9  https://support.google.com/mail/?p=InvalidSecondFactor i3-20020ac87643000000b003a68f5d98c1sm22501552qtr.93 - gsmtp

	... 5 more
"
"ERROR","Thread-76518","01/05/2023","19:03:58","mail","534-5.7.9 Application-specific password required. Learn more at
534 5.7.9  https://support.google.com/mail/?p=InvalidSecondFactor ay34-20020a05620a17a200b006b929a56a2bsm26390696qkb.3 - gsmtp
;lucee.runtime.exp.NativeException: 534-5.7.9 Application-specific password required. Learn more at
534 5.7.9  https://support.google.com/mail/?p=InvalidSecondFactor ay34-20020a05620a17a200b006b929a56a2bsm26390696qkb.3 - gsmtp

	at com.sun.mail.smtp.SMTPTransport$Authenticator.authenticate(SMTPTransport.java:965)
	at com.sun.mail.smtp.SMTPTransport.authenticate(SMTPTransport.java:876)
	at com.sun.mail.smtp.SMTPTransport.protocolConnect(SMTPTransport.java:780)
	at javax.mail.Service.connect(Service.java:388)
	at lucee.runtime.net.smtp.SMTPSender.run(SMTPSender.java:60)
Caused by: javax.mail.AuthenticationFailedException: 534-5.7.9 Application-specific password required. Learn more at
534 5.7.9  https://support.google.com/mail/?p=InvalidSecondFactor ay34-20020a05620a17a200b006b929a56a2bsm26390696qkb.3 - gsmtp

	... 5 more
"
"ERROR","Thread-76537","01/05/2023","19:05:10","mail","534-5.7.9 Application-specific password required. Learn more at
534 5.7.9  https://support.google.com/mail/?p=InvalidSecondFactor r18-20020a05620a299200b006f9f714cb6asm26624469qkp.50 - gsmtp
;lucee.runtime.exp.NativeException: 534-5.7.9 Application-specific password required. Learn more at
534 5.7.9  https://support.google.com/mail/?p=InvalidSecondFactor r18-20020a05620a299200b006f9f714cb6asm26624469qkp.50 - gsmtp

	at com.sun.mail.smtp.SMTPTransport$Authenticator.authenticate(SMTPTransport.java:965)
	at com.sun.mail.smtp.SMTPTransport.authenticate(SMTPTransport.java:876)
	at com.sun.mail.smtp.SMTPTransport.protocolConnect(SMTPTransport.java:780)
	at javax.mail.Service.connect(Service.java:388)
	at lucee.runtime.net.smtp.SMTPSender.run(SMTPSender.java:60)
Caused by: javax.mail.AuthenticationFailedException: 534-5.7.9 Application-specific password required. Learn more at
534 5.7.9  https://support.google.com/mail/?p=InvalidSecondFactor r18-20020a05620a299200b006f9f714cb6asm26624469qkp.50 - gsmtp

	... 5 more
"
"ERROR","Thread-76585","01/05/2023","19:09:00","mail","534-5.7.9 Application-specific password required. Learn more at
534 5.7.9  https://support.google.com/mail/?p=InvalidSecondFactor u2-20020a37ab02000000b006fc92cf4703sm25802794qke.132 - gsmtp
;lucee.runtime.exp.NativeException: 534-5.7.9 Application-specific password required. Learn more at
534 5.7.9  https://support.google.com/mail/?p=InvalidSecondFactor u2-20020a37ab02000000b006fc92cf4703sm25802794qke.132 - gsmtp

	at com.sun.mail.smtp.SMTPTransport$Authenticator.authenticate(SMTPTransport.java:965)
	at com.sun.mail.smtp.SMTPTransport.authenticate(SMTPTransport.java:876)
	at com.sun.mail.smtp.SMTPTransport.protocolConnect(SMTPTransport.java:780)
	at javax.mail.Service.connect(Service.java:388)
	at lucee.runtime.net.smtp.SMTPSender.run(SMTPSender.java:60)
Caused by: javax.mail.AuthenticationFailedException: 534-5.7.9 Application-specific password required. Learn more at
534 5.7.9  https://support.google.com/mail/?p=InvalidSecondFactor u2-20020a37ab02000000b006fc92cf4703sm25802794qke.132 - gsmtp

	... 5 more
"
"ERROR","Thread-76602","01/05/2023","19:10:11","mail","534-5.7.9 Application-specific password required. Learn more at
534 5.7.9  https://support.google.com/mail/?p=InvalidSecondFactor i6-20020a05620a248600b006faa2c0100bsm26785163qkn.110 - gsmtp
;lucee.runtime.exp.NativeException: 534-5.7.9 Application-specific password required. Learn more at
534 5.7.9  https://support.google.com/mail/?p=InvalidSecondFactor i6-20020a05620a248600b006faa2c0100bsm26785163qkn.110 - gsmtp

	at com.sun.mail.smtp.SMTPTransport$Authenticator.authenticate(SMTPTransport.java:965)
	at com.sun.mail.smtp.SMTPTransport.authenticate(SMTPTransport.java:876)
	at com.sun.mail.smtp.SMTPTransport.protocolConnect(SMTPTransport.java:780)
	at javax.mail.Service.connect(Service.java:388)
	at lucee.runtime.net.smtp.SMTPSender.run(SMTPSender.java:60)
Caused by: javax.mail.AuthenticationFailedException: 534-5.7.9 Application-specific password required. Learn more at
534 5.7.9  https://support.google.com/mail/?p=InvalidSecondFactor i6-20020a05620a248600b006faa2c0100bsm26785163qkn.110 - gsmtp

	... 5 more
"
"ERROR","Thread-77190","01/05/2023","19:58:58","mail","534-5.7.9 Application-specific password required. Learn more at
534 5.7.9  https://support.google.com/mail/?p=InvalidSecondFactor ck10-20020a05622a230a00b0039a610a04b1sm22649837qtb.37 - gsmtp
;lucee.runtime.exp.NativeException: 534-5.7.9 Application-specific password required. Learn more at
534 5.7.9  https://support.google.com/mail/?p=InvalidSecondFactor ck10-20020a05622a230a00b0039a610a04b1sm22649837qtb.37 - gsmtp

	at com.sun.mail.smtp.SMTPTransport$Authenticator.authenticate(SMTPTransport.java:965)
	at com.sun.mail.smtp.SMTPTransport.authenticate(SMTPTransport.java:876)
	at com.sun.mail.smtp.SMTPTransport.protocolConnect(SMTPTransport.java:780)
	at javax.mail.Service.connect(Service.java:388)
	at lucee.runtime.net.smtp.SMTPSender.run(SMTPSender.java:60)
Caused by: javax.mail.AuthenticationFailedException: 534-5.7.9 Application-specific password required. Learn more at
534 5.7.9  https://support.google.com/mail/?p=InvalidSecondFactor ck10-20020a05622a230a00b0039a610a04b1sm22649837qtb.37 - gsmtp

	... 5 more
"
"ERROR","Thread-77207","01/05/2023","20:00:08","mail","534-5.7.9 Application-specific password required. Learn more at
534 5.7.9  https://support.google.com/mail/?p=InvalidSecondFactor w26-20020a05620a095a00b006fc6529abaesm26146413qkw.101 - gsmtp
;lucee.runtime.exp.NativeException: 534-5.7.9 Application-specific password required. Learn more at
534 5.7.9  https://support.google.com/mail/?p=InvalidSecondFactor w26-20020a05620a095a00b006fc6529abaesm26146413qkw.101 - gsmtp

	at com.sun.mail.smtp.SMTPTransport$Authenticator.authenticate(SMTPTransport.java:965)
	at com.sun.mail.smtp.SMTPTransport.authenticate(SMTPTransport.java:876)
	at com.sun.mail.smtp.SMTPTransport.protocolConnect(SMTPTransport.java:780)
	at javax.mail.Service.connect(Service.java:388)
	at lucee.runtime.net.smtp.SMTPSender.run(SMTPSender.java:60)
Caused by: javax.mail.AuthenticationFailedException: 534-5.7.9 Application-specific password required. Learn more at
534 5.7.9  https://support.google.com/mail/?p=InvalidSecondFactor w26-20020a05620a095a00b006fc6529abaesm26146413qkw.101 - gsmtp

	... 5 more
"
"ERROR","Thread-77316","01/05/2023","20:09:01","mail","534-5.7.9 Application-specific password required. Learn more at
534 5.7.9  https://support.google.com/mail/?p=InvalidSecondFactor b23-20020ac87557000000b003a5c60686b0sm22201023qtr.22 - gsmtp
;lucee.runtime.exp.NativeException: 534-5.7.9 Application-specific password required. Learn more at
534 5.7.9  https://support.google.com/mail/?p=InvalidSecondFactor b23-20020ac87557000000b003a5c60686b0sm22201023qtr.22 - gsmtp

	at com.sun.mail.smtp.SMTPTransport$Authenticator.authenticate(SMTPTransport.java:965)
	at com.sun.mail.smtp.SMTPTransport.authenticate(SMTPTransport.java:876)
	at com.sun.mail.smtp.SMTPTransport.protocolConnect(SMTPTransport.java:780)
	at javax.mail.Service.connect(Service.java:388)
	at lucee.runtime.net.smtp.SMTPSender.run(SMTPSender.java:60)
Caused by: javax.mail.AuthenticationFailedException: 534-5.7.9 Application-specific password required. Learn more at
534 5.7.9  https://support.google.com/mail/?p=InvalidSecondFactor b23-20020ac87557000000b003a5c60686b0sm22201023qtr.22 - gsmtp

	... 5 more
"
"ERROR","Thread-77334","01/05/2023","20:10:13","mail","534-5.7.9 Application-specific password required. Learn more at
534 5.7.9  https://support.google.com/mail/?p=InvalidSecondFactor p16-20020a05620a057000b00704c1f4e756sm25870144qkp.14 - gsmtp
;lucee.runtime.exp.NativeException: 534-5.7.9 Application-specific password required. Learn more at
534 5.7.9  https://support.google.com/mail/?p=InvalidSecondFactor p16-20020a05620a057000b00704c1f4e756sm25870144qkp.14 - gsmtp

	at com.sun.mail.smtp.SMTPTransport$Authenticator.authenticate(SMTPTransport.java:965)
	at com.sun.mail.smtp.SMTPTransport.authenticate(SMTPTransport.java:876)
	at com.sun.mail.smtp.SMTPTransport.protocolConnect(SMTPTransport.java:780)
	at javax.mail.Service.connect(Service.java:388)
	at lucee.runtime.net.smtp.SMTPSender.run(SMTPSender.java:60)
Caused by: javax.mail.AuthenticationFailedException: 534-5.7.9 Application-specific password required. Learn more at
534 5.7.9  https://support.google.com/mail/?p=InvalidSecondFactor p16-20020a05620a057000b00704c1f4e756sm25870144qkp.14 - gsmtp

	... 5 more
"
"ERROR","Thread-1546","01/06/2023","16:58:34","mail","554 Message rejected: Email address is not verified. The following identities failed the check in region US-EAST-1: noreply@4some.golf
;lucee.runtime.exp.NativeException: 554 Message rejected: Email address is not verified. The following identities failed the check in region US-EAST-1: noreply@4some.golf

	at com.sun.mail.smtp.SMTPTransport.issueSendCommand(SMTPTransport.java:2358)
	at com.sun.mail.smtp.SMTPTransport.finishData(SMTPTransport.java:2110)
	at com.sun.mail.smtp.SMTPTransport.sendMessage(SMTPTransport.java:1316)
	at lucee.runtime.net.smtp.SMTPSender.run(SMTPSender.java:64)
Caused by: com.sun.mail.smtp.SMTPSendFailedException: 554 Message rejected: Email address is not verified. The following identities failed the check in region US-EAST-1: noreply@4some.golf

	... 4 more
"
"ERROR","Thread-1615","01/06/2023","17:03:35","mail","554 Message rejected: Email address is not verified. The following identities failed the check in region US-EAST-1: noreply@4some.golf
;lucee.runtime.exp.NativeException: 554 Message rejected: Email address is not verified. The following identities failed the check in region US-EAST-1: noreply@4some.golf

	at com.sun.mail.smtp.SMTPTransport.issueSendCommand(SMTPTransport.java:2358)
	at com.sun.mail.smtp.SMTPTransport.finishData(SMTPTransport.java:2110)
	at com.sun.mail.smtp.SMTPTransport.sendMessage(SMTPTransport.java:1316)
	at lucee.runtime.net.smtp.SMTPSender.run(SMTPSender.java:64)
Caused by: com.sun.mail.smtp.SMTPSendFailedException: 554 Message rejected: Email address is not verified. The following identities failed the check in region US-EAST-1: noreply@4some.golf

	... 4 more
"
"ERROR","Thread-2425","01/06/2023","18:03:36","mail","554 Message rejected: Email address is not verified. The following identities failed the check in region US-EAST-1: noreply@4some.golf
;lucee.runtime.exp.NativeException: 554 Message rejected: Email address is not verified. The following identities failed the check in region US-EAST-1: noreply@4some.golf

	at com.sun.mail.smtp.SMTPTransport.issueSendCommand(SMTPTransport.java:2358)
	at com.sun.mail.smtp.SMTPTransport.finishData(SMTPTransport.java:2110)
	at com.sun.mail.smtp.SMTPTransport.sendMessage(SMTPTransport.java:1316)
	at lucee.runtime.net.smtp.SMTPSender.run(SMTPSender.java:64)
Caused by: com.sun.mail.smtp.SMTPSendFailedException: 554 Message rejected: Email address is not verified. The following identities failed the check in region US-EAST-1: noreply@4some.golf

	... 4 more
"
"ERROR","Thread-3835","01/06/2023","19:59:00","mail","534-5.7.9 Application-specific password required. Learn more at
534 5.7.9  https://support.google.com/mail/?p=InvalidSecondFactor u15-20020a05620a454f00b006ce76811a07sm1404214qkp.75 - gsmtp
;lucee.runtime.exp.NativeException: 534-5.7.9 Application-specific password required. Learn more at
534 5.7.9  https://support.google.com/mail/?p=InvalidSecondFactor u15-20020a05620a454f00b006ce76811a07sm1404214qkp.75 - gsmtp

	at com.sun.mail.smtp.SMTPTransport$Authenticator.authenticate(SMTPTransport.java:965)
	at com.sun.mail.smtp.SMTPTransport.authenticate(SMTPTransport.java:876)
	at com.sun.mail.smtp.SMTPTransport.protocolConnect(SMTPTransport.java:780)
	at javax.mail.Service.connect(Service.java:388)
	at lucee.runtime.net.smtp.SMTPSender.run(SMTPSender.java:60)
Caused by: javax.mail.AuthenticationFailedException: 534-5.7.9 Application-specific password required. Learn more at
534 5.7.9  https://support.google.com/mail/?p=InvalidSecondFactor u15-20020a05620a454f00b006ce76811a07sm1404214qkp.75 - gsmtp

	... 5 more
"
"ERROR","Thread-3853","01/06/2023","20:00:10","mail","534-5.7.9 Application-specific password required. Learn more at
534 5.7.9  https://support.google.com/mail/?p=InvalidSecondFactor h6-20020ac81386000000b003a7fef41526sm1220451qtj.77 - gsmtp
;lucee.runtime.exp.NativeException: 534-5.7.9 Application-specific password required. Learn more at
534 5.7.9  https://support.google.com/mail/?p=InvalidSecondFactor h6-20020ac81386000000b003a7fef41526sm1220451qtj.77 - gsmtp

	at com.sun.mail.smtp.SMTPTransport$Authenticator.authenticate(SMTPTransport.java:965)
	at com.sun.mail.smtp.SMTPTransport.authenticate(SMTPTransport.java:876)
	at com.sun.mail.smtp.SMTPTransport.protocolConnect(SMTPTransport.java:780)
	at javax.mail.Service.connect(Service.java:388)
	at lucee.runtime.net.smtp.SMTPSender.run(SMTPSender.java:60)
Caused by: javax.mail.AuthenticationFailedException: 534-5.7.9 Application-specific password required. Learn more at
534 5.7.9  https://support.google.com/mail/?p=InvalidSecondFactor h6-20020ac81386000000b003a7fef41526sm1220451qtj.77 - gsmtp

	... 5 more
"
"ERROR","Thread-3962","01/06/2023","20:09:03","mail","534-5.7.9 Application-specific password required. Learn more at
534 5.7.9  https://support.google.com/mail/?p=InvalidSecondFactor q5-20020a37f705000000b006fab416015csm1396360qkj.25 - gsmtp
;lucee.runtime.exp.NativeException: 534-5.7.9 Application-specific password required. Learn more at
534 5.7.9  https://support.google.com/mail/?p=InvalidSecondFactor q5-20020a37f705000000b006fab416015csm1396360qkj.25 - gsmtp

	at com.sun.mail.smtp.SMTPTransport$Authenticator.authenticate(SMTPTransport.java:965)
	at com.sun.mail.smtp.SMTPTransport.authenticate(SMTPTransport.java:876)
	at com.sun.mail.smtp.SMTPTransport.protocolConnect(SMTPTransport.java:780)
	at javax.mail.Service.connect(Service.java:388)
	at lucee.runtime.net.smtp.SMTPSender.run(SMTPSender.java:60)
Caused by: javax.mail.AuthenticationFailedException: 534-5.7.9 Application-specific password required. Learn more at
534 5.7.9  https://support.google.com/mail/?p=InvalidSecondFactor q5-20020a37f705000000b006fab416015csm1396360qkj.25 - gsmtp

	... 5 more
"
"ERROR","Thread-3979","01/06/2023","20:10:16","mail","534-5.7.9 Application-specific password required. Learn more at
534 5.7.9  https://support.google.com/mail/?p=InvalidSecondFactor cr26-20020a05622a429a00b003a68fe872a5sm1228301qtb.96 - gsmtp
;lucee.runtime.exp.NativeException: 534-5.7.9 Application-specific password required. Learn more at
534 5.7.9  https://support.google.com/mail/?p=InvalidSecondFactor cr26-20020a05622a429a00b003a68fe872a5sm1228301qtb.96 - gsmtp

	at com.sun.mail.smtp.SMTPTransport$Authenticator.authenticate(SMTPTransport.java:965)
	at com.sun.mail.smtp.SMTPTransport.authenticate(SMTPTransport.java:876)
	at com.sun.mail.smtp.SMTPTransport.protocolConnect(SMTPTransport.java:780)
	at javax.mail.Service.connect(Service.java:388)
	at lucee.runtime.net.smtp.SMTPSender.run(SMTPSender.java:60)
Caused by: javax.mail.AuthenticationFailedException: 534-5.7.9 Application-specific password required. Learn more at
534 5.7.9  https://support.google.com/mail/?p=InvalidSecondFactor cr26-20020a05622a429a00b003a68fe872a5sm1228301qtb.96 - gsmtp

	... 5 more
"
"ERROR","Thread-20083","01/07/2023","18:03:37","mail","554 Message rejected: Email address is not verified. The following identities failed the check in region US-EAST-1: noreply@4some.golf
;lucee.runtime.exp.NativeException: 554 Message rejected: Email address is not verified. The following identities failed the check in region US-EAST-1: noreply@4some.golf

	at com.sun.mail.smtp.SMTPTransport.issueSendCommand(SMTPTransport.java:2358)
	at com.sun.mail.smtp.SMTPTransport.finishData(SMTPTransport.java:2110)
	at com.sun.mail.smtp.SMTPTransport.sendMessage(SMTPTransport.java:1316)
	at lucee.runtime.net.smtp.SMTPSender.run(SMTPSender.java:64)
Caused by: com.sun.mail.smtp.SMTPSendFailedException: 554 Message rejected: Email address is not verified. The following identities failed the check in region US-EAST-1: noreply@4some.golf

	... 4 more
"
"ERROR","Thread-21469","01/07/2023","19:59:01","mail","534-5.7.9 Application-specific password required. Learn more at
534 5.7.9  https://support.google.com/mail/?p=InvalidSecondFactor y9-20020a37f609000000b006fa2b1c3c1esm2923396qkj.58 - gsmtp
;lucee.runtime.exp.NativeException: 534-5.7.9 Application-specific password required. Learn more at
534 5.7.9  https://support.google.com/mail/?p=InvalidSecondFactor y9-20020a37f609000000b006fa2b1c3c1esm2923396qkj.58 - gsmtp

	at com.sun.mail.smtp.SMTPTransport$Authenticator.authenticate(SMTPTransport.java:965)
	at com.sun.mail.smtp.SMTPTransport.authenticate(SMTPTransport.java:876)
	at com.sun.mail.smtp.SMTPTransport.protocolConnect(SMTPTransport.java:780)
	at javax.mail.Service.connect(Service.java:388)
	at lucee.runtime.net.smtp.SMTPSender.run(SMTPSender.java:60)
Caused by: javax.mail.AuthenticationFailedException: 534-5.7.9 Application-specific password required. Learn more at
534 5.7.9  https://support.google.com/mail/?p=InvalidSecondFactor y9-20020a37f609000000b006fa2b1c3c1esm2923396qkj.58 - gsmtp

	... 5 more
"
"ERROR","Thread-21486","01/07/2023","20:00:11","mail","534-5.7.9 Application-specific password required. Learn more at
534 5.7.9  https://support.google.com/mail/?p=InvalidSecondFactor y9-20020a37f609000000b006fa2b1c3c1esm2924712qkj.58 - gsmtp
;lucee.runtime.exp.NativeException: 534-5.7.9 Application-specific password required. Learn more at
534 5.7.9  https://support.google.com/mail/?p=InvalidSecondFactor y9-20020a37f609000000b006fa2b1c3c1esm2924712qkj.58 - gsmtp

	at com.sun.mail.smtp.SMTPTransport$Authenticator.authenticate(SMTPTransport.java:965)
	at com.sun.mail.smtp.SMTPTransport.authenticate(SMTPTransport.java:876)
	at com.sun.mail.smtp.SMTPTransport.protocolConnect(SMTPTransport.java:780)
	at javax.mail.Service.connect(Service.java:388)
	at lucee.runtime.net.smtp.SMTPSender.run(SMTPSender.java:60)
Caused by: javax.mail.AuthenticationFailedException: 534-5.7.9 Application-specific password required. Learn more at
534 5.7.9  https://support.google.com/mail/?p=InvalidSecondFactor y9-20020a37f609000000b006fa2b1c3c1esm2924712qkj.58 - gsmtp

	... 5 more
"
"ERROR","Thread-21595","01/07/2023","20:09:04","mail","534-5.7.9 Application-specific password required. Learn more at
534 5.7.9  https://support.google.com/mail/?p=InvalidSecondFactor y2-20020a05620a44c200b006f87d28ea3asm2960619qkp.54 - gsmtp
;lucee.runtime.exp.NativeException: 534-5.7.9 Application-specific password required. Learn more at
534 5.7.9  https://support.google.com/mail/?p=InvalidSecondFactor y2-20020a05620a44c200b006f87d28ea3asm2960619qkp.54 - gsmtp

	at com.sun.mail.smtp.SMTPTransport$Authenticator.authenticate(SMTPTransport.java:965)
	at com.sun.mail.smtp.SMTPTransport.authenticate(SMTPTransport.java:876)
	at com.sun.mail.smtp.SMTPTransport.protocolConnect(SMTPTransport.java:780)
	at javax.mail.Service.connect(Service.java:388)
	at lucee.runtime.net.smtp.SMTPSender.run(SMTPSender.java:60)
Caused by: javax.mail.AuthenticationFailedException: 534-5.7.9 Application-specific password required. Learn more at
534 5.7.9  https://support.google.com/mail/?p=InvalidSecondFactor y2-20020a05620a44c200b006f87d28ea3asm2960619qkp.54 - gsmtp

	... 5 more
"
"ERROR","Thread-21613","01/07/2023","20:10:17","mail","534-5.7.9 Application-specific password required. Learn more at
534 5.7.9  https://support.google.com/mail/?p=InvalidSecondFactor fg13-20020a05622a580d00b003a6a92a202esm2574138qtb.83 - gsmtp
;lucee.runtime.exp.NativeException: 534-5.7.9 Application-specific password required. Learn more at
534 5.7.9  https://support.google.com/mail/?p=InvalidSecondFactor fg13-20020a05622a580d00b003a6a92a202esm2574138qtb.83 - gsmtp

	at com.sun.mail.smtp.SMTPTransport$Authenticator.authenticate(SMTPTransport.java:965)
	at com.sun.mail.smtp.SMTPTransport.authenticate(SMTPTransport.java:876)
	at com.sun.mail.smtp.SMTPTransport.protocolConnect(SMTPTransport.java:780)
	at javax.mail.Service.connect(Service.java:388)
	at lucee.runtime.net.smtp.SMTPSender.run(SMTPSender.java:60)
Caused by: javax.mail.AuthenticationFailedException: 534-5.7.9 Application-specific password required. Learn more at
534 5.7.9  https://support.google.com/mail/?p=InvalidSecondFactor fg13-20020a05622a580d00b003a6a92a202esm2574138qtb.83 - gsmtp

	... 5 more
"
"ERROR","Thread-37688","01/08/2023","18:03:38","mail","554 Message rejected: Email address is not verified. The following identities failed the check in region US-EAST-1: noreply@4some.golf
;lucee.runtime.exp.NativeException: 554 Message rejected: Email address is not verified. The following identities failed the check in region US-EAST-1: noreply@4some.golf

	at com.sun.mail.smtp.SMTPTransport.issueSendCommand(SMTPTransport.java:2358)
	at com.sun.mail.smtp.SMTPTransport.finishData(SMTPTransport.java:2110)
	at com.sun.mail.smtp.SMTPTransport.sendMessage(SMTPTransport.java:1316)
	at lucee.runtime.net.smtp.SMTPSender.run(SMTPSender.java:64)
Caused by: com.sun.mail.smtp.SMTPSendFailedException: 554 Message rejected: Email address is not verified. The following identities failed the check in region US-EAST-1: noreply@4some.golf

	... 4 more
"
"ERROR","Thread-88630","03/10/2023","13:51:23","mail","554 Message rejected: Email address is not verified. The following identities failed the check in region US-EAST-1: mkornguth@betterpool.com
;lucee.runtime.exp.NativeException: 554 Message rejected: Email address is not verified. The following identities failed the check in region US-EAST-1: mkornguth@betterpool.com

	at com.sun.mail.smtp.SMTPTransport.issueSendCommand(SMTPTransport.java:2358)
	at com.sun.mail.smtp.SMTPTransport.finishData(SMTPTransport.java:2110)
	at com.sun.mail.smtp.SMTPTransport.sendMessage(SMTPTransport.java:1316)
	at lucee.runtime.net.smtp.SMTPSender.run(SMTPSender.java:64)
Caused by: com.sun.mail.smtp.SMTPSendFailedException: 554 Message rejected: Email address is not verified. The following identities failed the check in region US-EAST-1: mkornguth@betterpool.com

	... 4 more
"
"ERROR","Thread-88693","03/10/2023","13:56:24","mail","554 Message rejected: Email address is not verified. The following identities failed the check in region US-EAST-1: mkornguth@betterpool.com
;lucee.runtime.exp.NativeException: 554 Message rejected: Email address is not verified. The following identities failed the check in region US-EAST-1: mkornguth@betterpool.com

	at com.sun.mail.smtp.SMTPTransport.issueSendCommand(SMTPTransport.java:2358)
	at com.sun.mail.smtp.SMTPTransport.finishData(SMTPTransport.java:2110)
	at com.sun.mail.smtp.SMTPTransport.sendMessage(SMTPTransport.java:1316)
	at lucee.runtime.net.smtp.SMTPSender.run(SMTPSender.java:64)
Caused by: com.sun.mail.smtp.SMTPSendFailedException: 554 Message rejected: Email address is not verified. The following identities failed the check in region US-EAST-1: mkornguth@betterpool.com

	... 4 more
"
"ERROR","Thread-89054","03/10/2023","14:21:40","mail","554 Message rejected: Email address is not verified. The following identities failed the check in region US-EAST-1: mkornguth@betterpool.com
;lucee.runtime.exp.NativeException: 554 Message rejected: Email address is not verified. The following identities failed the check in region US-EAST-1: mkornguth@betterpool.com

	at com.sun.mail.smtp.SMTPTransport.issueSendCommand(SMTPTransport.java:2358)
	at com.sun.mail.smtp.SMTPTransport.finishData(SMTPTransport.java:2110)
	at com.sun.mail.smtp.SMTPTransport.sendMessage(SMTPTransport.java:1316)
	at lucee.runtime.net.smtp.SMTPSender.run(SMTPSender.java:64)
Caused by: com.sun.mail.smtp.SMTPSendFailedException: 554 Message rejected: Email address is not verified. The following identities failed the check in region US-EAST-1: mkornguth@betterpool.com

	... 4 more
"
"ERROR","Thread-89088","03/10/2023","14:24:15","mail","554 Message rejected: Email address is not verified. The following identities failed the check in region US-EAST-1: skornguth@hotmail.com
;lucee.runtime.exp.NativeException: 554 Message rejected: Email address is not verified. The following identities failed the check in region US-EAST-1: skornguth@hotmail.com

	at com.sun.mail.smtp.SMTPTransport.issueSendCommand(SMTPTransport.java:2358)
	at com.sun.mail.smtp.SMTPTransport.finishData(SMTPTransport.java:2110)
	at com.sun.mail.smtp.SMTPTransport.sendMessage(SMTPTransport.java:1316)
	at lucee.runtime.net.smtp.SMTPSender.run(SMTPSender.java:64)
Caused by: com.sun.mail.smtp.SMTPSendFailedException: 554 Message rejected: Email address is not verified. The following identities failed the check in region US-EAST-1: skornguth@hotmail.com

	... 4 more
"
"ERROR","Thread-89120","03/10/2023","14:26:41","mail","554 Message rejected: Email address is not verified. The following identities failed the check in region US-EAST-1: mkornguth@betterpool.com
;lucee.runtime.exp.NativeException: 554 Message rejected: Email address is not verified. The following identities failed the check in region US-EAST-1: mkornguth@betterpool.com

	at com.sun.mail.smtp.SMTPTransport.issueSendCommand(SMTPTransport.java:2358)
	at com.sun.mail.smtp.SMTPTransport.finishData(SMTPTransport.java:2110)
	at com.sun.mail.smtp.SMTPTransport.sendMessage(SMTPTransport.java:1316)
	at lucee.runtime.net.smtp.SMTPSender.run(SMTPSender.java:64)
Caused by: com.sun.mail.smtp.SMTPSendFailedException: 554 Message rejected: Email address is not verified. The following identities failed the check in region US-EAST-1: mkornguth@betterpool.com

	... 4 more
"
"ERROR","Thread-89154","03/10/2023","14:29:16","mail","554 Message rejected: Email address is not verified. The following identities failed the check in region US-EAST-1: skornguth@hotmail.com
;lucee.runtime.exp.NativeException: 554 Message rejected: Email address is not verified. The following identities failed the check in region US-EAST-1: skornguth@hotmail.com

	at com.sun.mail.smtp.SMTPTransport.issueSendCommand(SMTPTransport.java:2358)
	at com.sun.mail.smtp.SMTPTransport.finishData(SMTPTransport.java:2110)
	at com.sun.mail.smtp.SMTPTransport.sendMessage(SMTPTransport.java:1316)
	at lucee.runtime.net.smtp.SMTPSender.run(SMTPSender.java:64)
Caused by: com.sun.mail.smtp.SMTPSendFailedException: 554 Message rejected: Email address is not verified. The following identities failed the check in region US-EAST-1: skornguth@hotmail.com

	... 4 more
"
"ERROR","Thread-89512","03/10/2023","14:56:25","mail","554 Message rejected: Email address is not verified. The following identities failed the check in region US-EAST-1: mkornguth@betterpool.com
;lucee.runtime.exp.NativeException: 554 Message rejected: Email address is not verified. The following identities failed the check in region US-EAST-1: mkornguth@betterpool.com

	at com.sun.mail.smtp.SMTPTransport.issueSendCommand(SMTPTransport.java:2358)
	at com.sun.mail.smtp.SMTPTransport.finishData(SMTPTransport.java:2110)
	at com.sun.mail.smtp.SMTPTransport.sendMessage(SMTPTransport.java:1316)
	at lucee.runtime.net.smtp.SMTPSender.run(SMTPSender.java:64)
Caused by: com.sun.mail.smtp.SMTPSendFailedException: 554 Message rejected: Email address is not verified. The following identities failed the check in region US-EAST-1: mkornguth@betterpool.com

	... 4 more
"
"ERROR","Thread-89877","03/10/2023","15:26:42","mail","554 Message rejected: Email address is not verified. The following identities failed the check in region US-EAST-1: mkornguth@betterpool.com
;lucee.runtime.exp.NativeException: 554 Message rejected: Email address is not verified. The following identities failed the check in region US-EAST-1: mkornguth@betterpool.com

	at com.sun.mail.smtp.SMTPTransport.issueSendCommand(SMTPTransport.java:2358)
	at com.sun.mail.smtp.SMTPTransport.finishData(SMTPTransport.java:2110)
	at com.sun.mail.smtp.SMTPTransport.sendMessage(SMTPTransport.java:1316)
	at lucee.runtime.net.smtp.SMTPSender.run(SMTPSender.java:64)
Caused by: com.sun.mail.smtp.SMTPSendFailedException: 554 Message rejected: Email address is not verified. The following identities failed the check in region US-EAST-1: mkornguth@betterpool.com

	... 4 more
"
"ERROR","Thread-89911","03/10/2023","15:29:17","mail","554 Message rejected: Email address is not verified. The following identities failed the check in region US-EAST-1: skornguth@hotmail.com
;lucee.runtime.exp.NativeException: 554 Message rejected: Email address is not verified. The following identities failed the check in region US-EAST-1: skornguth@hotmail.com

	at com.sun.mail.smtp.SMTPTransport.issueSendCommand(SMTPTransport.java:2358)
	at com.sun.mail.smtp.SMTPTransport.finishData(SMTPTransport.java:2110)
	at com.sun.mail.smtp.SMTPTransport.sendMessage(SMTPTransport.java:1316)
	at lucee.runtime.net.smtp.SMTPSender.run(SMTPSender.java:64)
Caused by: com.sun.mail.smtp.SMTPSendFailedException: 554 Message rejected: Email address is not verified. The following identities failed the check in region US-EAST-1: skornguth@hotmail.com

	... 4 more
"
"ERROR","Thread-106774","03/11/2023","14:56:26","mail","554 Message rejected: Email address is not verified. The following identities failed the check in region US-EAST-1: mkornguth@betterpool.com
;lucee.runtime.exp.NativeException: 554 Message rejected: Email address is not verified. The following identities failed the check in region US-EAST-1: mkornguth@betterpool.com

	at com.sun.mail.smtp.SMTPTransport.issueSendCommand(SMTPTransport.java:2358)
	at com.sun.mail.smtp.SMTPTransport.finishData(SMTPTransport.java:2110)
	at com.sun.mail.smtp.SMTPTransport.sendMessage(SMTPTransport.java:1316)
	at lucee.runtime.net.smtp.SMTPSender.run(SMTPSender.java:64)
Caused by: com.sun.mail.smtp.SMTPSendFailedException: 554 Message rejected: Email address is not verified. The following identities failed the check in region US-EAST-1: mkornguth@betterpool.com

	... 4 more
"
"ERROR","Thread-107140","03/11/2023","15:26:42","mail","554 Message rejected: Email address is not verified. The following identities failed the check in region US-EAST-1: mkornguth@betterpool.com
;lucee.runtime.exp.NativeException: 554 Message rejected: Email address is not verified. The following identities failed the check in region US-EAST-1: mkornguth@betterpool.com

	at com.sun.mail.smtp.SMTPTransport.issueSendCommand(SMTPTransport.java:2358)
	at com.sun.mail.smtp.SMTPTransport.finishData(SMTPTransport.java:2110)
	at com.sun.mail.smtp.SMTPTransport.sendMessage(SMTPTransport.java:1316)
	at lucee.runtime.net.smtp.SMTPSender.run(SMTPSender.java:64)
Caused by: com.sun.mail.smtp.SMTPSendFailedException: 554 Message rejected: Email address is not verified. The following identities failed the check in region US-EAST-1: mkornguth@betterpool.com

	... 4 more
"
"ERROR","Thread-107174","03/11/2023","15:29:18","mail","554 Message rejected: Email address is not verified. The following identities failed the check in region US-EAST-1: skornguth@hotmail.com
;lucee.runtime.exp.NativeException: 554 Message rejected: Email address is not verified. The following identities failed the check in region US-EAST-1: skornguth@hotmail.com

	at com.sun.mail.smtp.SMTPTransport.issueSendCommand(SMTPTransport.java:2358)
	at com.sun.mail.smtp.SMTPTransport.finishData(SMTPTransport.java:2110)
	at com.sun.mail.smtp.SMTPTransport.sendMessage(SMTPTransport.java:1316)
	at lucee.runtime.net.smtp.SMTPSender.run(SMTPSender.java:64)
Caused by: com.sun.mail.smtp.SMTPSendFailedException: 554 Message rejected: Email address is not verified. The following identities failed the check in region US-EAST-1: skornguth@hotmail.com

	... 4 more
"
"ERROR","Thread-118716","03/12/2023","08:31:54","mail","554 Message rejected: Email address is not verified. The following identities failed the check in region US-EAST-1: noreply@teams.golf
;lucee.runtime.exp.NativeException: 554 Message rejected: Email address is not verified. The following identities failed the check in region US-EAST-1: noreply@teams.golf

	at com.sun.mail.smtp.SMTPTransport.issueSendCommand(SMTPTransport.java:2358)
	at com.sun.mail.smtp.SMTPTransport.finishData(SMTPTransport.java:2110)
	at com.sun.mail.smtp.SMTPTransport.sendMessage(SMTPTransport.java:1316)
	at lucee.runtime.net.smtp.SMTPSender.run(SMTPSender.java:64)
Caused by: com.sun.mail.smtp.SMTPSendFailedException: 554 Message rejected: Email address is not verified. The following identities failed the check in region US-EAST-1: noreply@teams.golf

	... 4 more
"
"ERROR","Thread-118779","03/12/2023","08:36:55","mail","554 Message rejected: Email address is not verified. The following identities failed the check in region US-EAST-1: noreply@teams.golf
;lucee.runtime.exp.NativeException: 554 Message rejected: Email address is not verified. The following identities failed the check in region US-EAST-1: noreply@teams.golf

	at com.sun.mail.smtp.SMTPTransport.issueSendCommand(SMTPTransport.java:2358)
	at com.sun.mail.smtp.SMTPTransport.finishData(SMTPTransport.java:2110)
	at com.sun.mail.smtp.SMTPTransport.sendMessage(SMTPTransport.java:1316)
	at lucee.runtime.net.smtp.SMTPSender.run(SMTPSender.java:64)
Caused by: com.sun.mail.smtp.SMTPSendFailedException: 554 Message rejected: Email address is not verified. The following identities failed the check in region US-EAST-1: noreply@teams.golf

	... 4 more
"
"ERROR","Thread-119501","03/12/2023","09:36:56","mail","554 Message rejected: Email address is not verified. The following identities failed the check in region US-EAST-1: noreply@teams.golf
;lucee.runtime.exp.NativeException: 554 Message rejected: Email address is not verified. The following identities failed the check in region US-EAST-1: noreply@teams.golf

	at com.sun.mail.smtp.SMTPTransport.issueSendCommand(SMTPTransport.java:2358)
	at com.sun.mail.smtp.SMTPTransport.finishData(SMTPTransport.java:2110)
	at com.sun.mail.smtp.SMTPTransport.sendMessage(SMTPTransport.java:1316)
	at lucee.runtime.net.smtp.SMTPSender.run(SMTPSender.java:64)
Caused by: com.sun.mail.smtp.SMTPSendFailedException: 554 Message rejected: Email address is not verified. The following identities failed the check in region US-EAST-1: noreply@teams.golf

	... 4 more
"
"ERROR","Thread-136817","03/13/2023","09:36:57","mail","554 Message rejected: Email address is not verified. The following identities failed the check in region US-EAST-1: noreply@teams.golf
;lucee.runtime.exp.NativeException: 554 Message rejected: Email address is not verified. The following identities failed the check in region US-EAST-1: noreply@teams.golf

	at com.sun.mail.smtp.SMTPTransport.issueSendCommand(SMTPTransport.java:2358)
	at com.sun.mail.smtp.SMTPTransport.finishData(SMTPTransport.java:2110)
	at com.sun.mail.smtp.SMTPTransport.sendMessage(SMTPTransport.java:1316)
	at lucee.runtime.net.smtp.SMTPSender.run(SMTPSender.java:64)
Caused by: com.sun.mail.smtp.SMTPSendFailedException: 554 Message rejected: Email address is not verified. The following identities failed the check in region US-EAST-1: noreply@teams.golf

	... 4 more
"
